<?xml version="1.0" encoding="UTF-8"?>
<!-- Generated by org.testng.reporters.JUnitXMLReporter -->
<testsuite ignored="9" hostname="jeffrey-pt7279" failures="0" tests="4" name="Default test" time="0.362" errors="0" timestamp="2024-05-09T15:37:22 IST">
  <testcase classname="operationsTest.customerExceptionTest" name="getAccountDetails" time="0.005"/>
  <testcase classname="operationsTest.customerExceptionTest" name="getAccountDetails" time="0.001"/>
  <testcase classname="operationsTest.customerExceptionTest" name="getAccountDetails" time="0.3"/>
  <testcase classname="operationsTest.customerExceptionTest" name="getAccountDetails" time="0.02"/>
  <testcase classname="operationsTest.customerExceptionTest" name="primaryAccount" time="0.0">
    <ignored/>
  </testcase> <!-- primaryAccount -->
  <testcase classname="operationsTest.customerExceptionTest" name="accountStatus" time="0.0">
    <ignored/>
  </testcase> <!-- accountStatus -->
  <testcase classname="operationsTest.customerExceptionTest" name="balance" time="0.0">
    <ignored/>
  </testcase> <!-- balance -->
  <testcase classname="operationsTest.customerExceptionTest" name="switchPrimaryAccount" time="0.0">
    <ignored/>
  </testcase> <!-- switchPrimaryAccount -->
  <testcase classname="operationsTest.customerExceptionTest" name="balance" time="0.0">
    <ignored/>
  </testcase> <!-- balance -->
  <testcase classname="operationsTest.customerExceptionTest" name="transactionHistory" time="0.0">
    <ignored/>
  </testcase> <!-- transactionHistory -->
  <testcase classname="operationsTest.customerExceptionTest" name="getPages" time="0.0">
    <ignored/>
  </testcase> <!-- getPages -->
  <testcase classname="operationsTest.customerExceptionTest" name="getAccounts" time="0.0">
    <ignored/>
  </testcase> <!-- getAccounts -->
  <testcase classname="operationsTest.customerExceptionTest" name="viewProfile" time="0.0">
    <ignored/>
  </testcase> <!-- viewProfile -->
</testsuite> <!-- Default test -->
