<?xml version="1.0" encoding="UTF-8"?>
<!-- Generated by org.testng.reporters.JUnitXMLReporter -->
<testsuite ignored="5" hostname="jeffrey-pt7279" failures="0" tests="7" name="Default test" time="0.444" errors="0" timestamp="2024-04-29T10:17:09 IST">
  <testcase classname="operationsTest.CustomerTest" name="balance" time="0.007"/>
  <testcase classname="operationsTest.CustomerTest" name="balance" time="0.001"/>
  <testcase classname="operationsTest.CustomerTest" name="balance" time="0.353"/>
  <testcase classname="operationsTest.CustomerTest" name="balance" time="0.024"/>
  <testcase classname="operationsTest.CustomerTest" name="balance" time="0.002"/>
  <testcase classname="operationsTest.CustomerTest" name="balance" time="0.001"/>
  <testcase classname="operationsTest.CustomerTest" name="balance" time="0.018"/>
  <testcase classname="operationsTest.CustomerTest" name="getAccounts" time="0.0">
    <ignored/>
  </testcase> <!-- getAccounts -->
  <testcase classname="operationsTest.CustomerTest" name="transactionHistory" time="0.0">
    <ignored/>
  </testcase> <!-- transactionHistory -->
  <testcase classname="operationsTest.CustomerTest" name="brnachId" time="0.0">
    <ignored/>
  </testcase> <!-- brnachId -->
  <testcase classname="operationsTest.CustomerTest" name="idToAccount" time="0.0">
    <ignored/>
  </testcase> <!-- idToAccount -->
  <testcase classname="operationsTest.CustomerTest" name="accountStatus" time="0.0">
    <ignored/>
  </testcase> <!-- accountStatus -->
</testsuite> <!-- Default test -->
