<?xml version="1.0" encoding="UTF-8"?>
<!-- Generated by org.testng.reporters.JUnitXMLReporter -->
<testsuite ignored="2" hostname="jeffrey-pt7279" failures="5" tests="6" name="Test" time="0.463" errors="0" timestamp="2024-04-26T14:30:16 IST">
  <testcase classname="operationsTest.CustomerTest" name="getAccounts" time="0.32">
    <failure type="utility.BankException" message="Id : -1 is not available">
      <![CDATA[utility.BankException: Id : -1 is not available
at database.CustomerService.checkLongPresence(CustomerService.java:202)
at database.CustomerService.checkCustomerPresence(CustomerService.java:160)
at operations.Customer.checkIdCustomerPresence(Customer.java:343)
at operations.Customer.getAccounts(Customer.java:36)
at operationsTest.CustomerTest.getAccounts(CustomerTest.java:51)
at java.base/java.util.ArrayList.forEach(ArrayList.java:1541)
... Removed 27 stack frames]]>
    </failure>
  </testcase> <!-- getAccounts -->
  <testcase classname="operationsTest.CustomerTest" name="getAccounts" time="0.022">
    <failure type="utility.BankException" message="Id : 0 is not available">
      <![CDATA[utility.BankException: Id : 0 is not available
at database.CustomerService.checkLongPresence(CustomerService.java:202)
at database.CustomerService.checkCustomerPresence(CustomerService.java:160)
at operations.Customer.checkIdCustomerPresence(Customer.java:343)
at operations.Customer.getAccounts(Customer.java:36)
at operationsTest.CustomerTest.getAccounts(CustomerTest.java:51)
at java.base/java.util.ArrayList.forEach(ArrayList.java:1541)
... Removed 27 stack frames]]>
    </failure>
  </testcase> <!-- getAccounts -->
  <testcase classname="operationsTest.CustomerTest" name="getAccounts" time="0.017">
    <failure type="utility.BankException" message="Id : 100000 is not available">
      <![CDATA[utility.BankException: Id : 100000 is not available
at database.CustomerService.checkLongPresence(CustomerService.java:202)
at database.CustomerService.checkCustomerPresence(CustomerService.java:160)
at operations.Customer.checkIdCustomerPresence(Customer.java:343)
at operations.Customer.getAccounts(Customer.java:36)
at operationsTest.CustomerTest.getAccounts(CustomerTest.java:51)
at java.base/java.util.ArrayList.forEach(ArrayList.java:1541)
... Removed 27 stack frames]]>
    </failure>
  </testcase> <!-- getAccounts -->
  <testcase classname="operationsTest.CustomerTest" name="getAccounts" time="0.015">
    <failure type="utility.BankException" message="Id : 1000 is not available">
      <![CDATA[utility.BankException: Id : 1000 is not available
at database.CustomerService.checkLongPresence(CustomerService.java:202)
at database.CustomerService.checkCustomerPresence(CustomerService.java:160)
at operations.Customer.checkIdCustomerPresence(Customer.java:343)
at operations.Customer.getAccounts(Customer.java:36)
at operationsTest.CustomerTest.getAccounts(CustomerTest.java:51)
at java.base/java.util.ArrayList.forEach(ArrayList.java:1541)
... Removed 27 stack frames]]>
    </failure>
  </testcase> <!-- getAccounts -->
  <testcase classname="operationsTest.CustomerTest" name="getAccounts" time="0.014">
    <failure type="utility.BankException" message="Id : 1 is not available">
      <![CDATA[utility.BankException: Id : 1 is not available
at database.CustomerService.checkLongPresence(CustomerService.java:202)
at database.CustomerService.checkCustomerPresence(CustomerService.java:160)
at operations.Customer.checkIdCustomerPresence(Customer.java:343)
at operations.Customer.getAccounts(Customer.java:36)
at operationsTest.CustomerTest.getAccounts(CustomerTest.java:51)
at java.base/java.util.ArrayList.forEach(ArrayList.java:1541)
... Removed 27 stack frames]]>
    </failure>
  </testcase> <!-- getAccounts -->
  <testcase classname="operationsTest.CustomerTest" name="getAccounts" time="0.039"/>
  <testcase classname="operationsTest.CustomerTest" name="balance" time="0.0">
    <ignored/>
  </testcase> <!-- balance -->
  <testcase classname="operationsTest.CustomerTest" name="balance" time="0.0">
    <ignored/>
  </testcase> <!-- balance -->
</testsuite> <!-- Test -->
